<?xml version="1.0" encoding="UTF-8"?>
<!-- Generated by org.testng.reporters.JUnitReportReporter -->
<testsuite hostname="LAPTOP-O7BRKD6N" failures="0" tests="1" name="com.ce.TestCases.CourseEraTest" time="38.664" errors="0" timestamp="2022-11-30T10:18:26 IST" skipped="0">
  <testcase classname="com.ce.TestCases.CourseEraTest" name="CourseEra" time="38.664"/>
  <system-out/>
</testsuite> <!-- com.ce.TestCases.CourseEraTest -->
